已經開始建置於 2018/3/26 下午 09:59:48。
     1>節點 2 (build 目標) 上的專案 "C:\Users\Mimi\Desktop\OOP_HW01_Solution_NET2010_201802_Template\asm.vcxproj"。
     1>C:\Program Files (x86)\MSBuild\Microsoft.Cpp\v4.0\Microsoft.CppBuild.targets(299,5): warning MSB8004: Output 目錄結尾不是結尾斜線。這個建置執行個體將會加入此斜線，因為這樣才能正確評估 Output 目錄。
     1>InitializeBuildStatus:
         由於指定了 "AlwaysCreate"，因此正在建立 "Release\myFirstSystem.unsuccessfulbuild"。
       ClCompile:
         C:\Program Files (x86)\Microsoft Visual Studio 10.0\VC\bin\CL.exe /c /I.\Irvine /I.\inc /Zi /nologo /W3 /WX- /O2 /Oy- /GL /D WIN32 /D NDEBUG /D _CONSOLE /D _MBCS /Gm- /EHsc /MD /GS /fp:precise /Zc:wchar_t /Zc:forScope /Fo"Release\\" /Fd"Release\vc100.pdb" /Gd /TP /analyze- /errorReport:prompt 00_StudentWork\00_SimpleInteractiveSystem\mySystemApp_HandleEvents.cpp
         mySystemApp_HandleEvents.cpp
     1>C:\Users\Mimi\Desktop\OOP_HW01_Solution_NET2010_201802_Template\inc\GL/gl.h : warning C4819: 檔案含有無法在目前字碼頁 (950) 中表示的字元。請以 Unicode 格式儲存檔案以防止資料遺失
     1>C:\Users\Mimi\Desktop\OOP_HW01_Solution_NET2010_201802_Template\inc\GL/gl.h : warning C4819: 檔案含有無法在目前字碼頁 (950) 中表示的字元。請以 Unicode 格式儲存檔案以防止資料遺失
       Link:
         C:\Program Files (x86)\Microsoft Visual Studio 10.0\VC\bin\link.exe /ERRORREPORT:PROMPT /OUT:".\bin\Release\myFirstSystem.exe" /INCREMENTAL:NO /NOLOGO /LIBPATH:.\Irvine /LIBPATH:.\lib /LIBPATH:.\lib\IL freeglut.lib opengl32.lib glew32.lib glew32s.lib ILUT.lib devIL.lib ILU.lib kernel32.lib user32.lib gdi32.lib winspool.lib comdlg32.lib advapi32.lib shell32.lib ole32.lib oleaut32.lib uuid.lib odbc32.lib odbccp32.lib /MANIFEST /ManifestFile:"Release\myFirstSystem.exe.intermediate.manifest" /MANIFESTUAC:"level='asInvoker' uiAccess='false'" /DEBUG /PDB:"C:\Users\Mimi\Desktop\OOP_HW01_Solution_NET2010_201802_Template\bin\Release\myFirstSystem.pdb" /SUBSYSTEM:CONSOLE /OPT:REF /OPT:ICF /LTCG /TLBID:1 /DYNAMICBASE:NO /IMPLIB:".\bin\Release\myFirstSystem.lib" /MACHINE:X86 Release\mySystem_CubicFunction.obj
         Release\mySystem_SineCosineFunction.obj
         Release\basic_app.obj
         Release\main.obj
         Release\mySystem_MonteCarlo.obj
         Release\mySystem_StudentRecordManager.obj
         Release\mySystemApp.obj
         Release\mySystemApp_draw.obj
         Release\mySystemApp_HandleEvents.obj
         Release\camera.obj
         Release\opengl_stuff.obj
         Release\painter_draw.obj
         Release\openGLapp.obj
         Release\openGLapp.events.obj
         Release\openGLapp_draw.obj
         Release\openGLapp_init.obj
         Release\openGLapp_update.obj
         Release\basic_tools.obj
         Release\grid2D.obj
         Release\provider.obj
         Release\vector3d.obj
         Release\fileReader.obj
         Release\imageReader.obj
         Release\BG_grid2D.obj
         Release\boardGame.obj
         Release\painter.obj
         Release\boardGameApp.obj
         Release\freeCanvas2D.obj
         Release\lattice_manager.obj
         Release\paintingSystem.obj
         Release\paintingSystemApp.obj
         Release\paintingSystemApp_draw.obj
         Release\paintingSystemApp_HandleEvents.obj
         Release\texture.obj
         Release\textureManager.obj
         Release\textureManager_read.obj
         正在產生程式碼
         已完成程式碼產生
         asm.vcxproj -> C:\Users\Mimi\Desktop\OOP_HW01_Solution_NET2010_201802_Template\.\bin\Release\myFirstSystem.exe
       Manifest:
         C:\Program Files (x86)\Microsoft SDKs\Windows\v7.0A\bin\mt.exe /nologo /verbose /outputresource:".\bin\Release\myFirstSystem.exe;#1" /manifest Release\myFirstSystem.exe.intermediate.manifest
       FinalizeBuildStatus:
         正在刪除檔案 "Release\myFirstSystem.unsuccessfulbuild"。
         正在變更時間戳記 "Release\myFirstSystem.lastbuildstate"。
     1>專案 "C:\Users\Mimi\Desktop\OOP_HW01_Solution_NET2010_201802_Template\asm.vcxproj" (build 目標) 建置完成。

建置成功。

經過時間 00:00:02.72
